

----------------------------------------
checking for C compiler


----------------------------------------
checking for gcc -pipe switch


----------------------------------------
checking for gcc builtin atomic operations


----------------------------------------
checking for C99 variadic macros


----------------------------------------
checking for gcc variadic macros


----------------------------------------
checking for unistd.h


----------------------------------------
checking for inttypes.h


----------------------------------------
checking for limits.h


----------------------------------------
checking for sys/filio.h

objs/autotest.c:3:23: error: sys/filio.h: No such file or directory
----------


#include <sys/filio.h>

int main() {
    return 0;
}

----------
gcc -o objs/autotest objs/autotest.c
----------

----------------------------------------
checking for sys/param.h


----------------------------------------
checking for sys/mount.h


----------------------------------------
checking for sys/statvfs.h


----------------------------------------
checking for crypt.h


----------------------------------------
checking for epoll

objs/autotest.c: In function 'main':
objs/autotest.c:7: warning: unused variable 'n'
objs/autotest.c:7: warning: unused variable 'fd'

----------------------------------------
checking for sendfile()


----------------------------------------
checking for sendfile64()


----------------------------------------
checking for sys/prctl.h


----------------------------------------
checking for prctl(PR_SET_DUMPABLE)


----------------------------------------
checking for sched_setaffinity()


----------------------------------------
checking for crypt_r()

objs/autotest.c: In function 'main':
objs/autotest.c:8: warning: null argument where non-null required (argument 1)
objs/autotest.c:8: warning: null argument where non-null required (argument 2)

----------------------------------------
checking for sys/vfs.h


----------------------------------------
checking for poll()


----------------------------------------
checking for /dev/poll

objs/autotest.c:4:25: error: sys/devpoll.h: No such file or directory
objs/autotest.c: In function 'main':
objs/autotest.c:7: error: storage size of 'dvp' isn't known
objs/autotest.c:12: warning: implicit declaration of function 'ioctl'
objs/autotest.c:12: error: 'DP_POLL' undeclared (first use in this function)
objs/autotest.c:12: error: (Each undeclared identifier is reported only once
objs/autotest.c:12: error: for each function it appears in.)
objs/autotest.c:7: warning: unused variable 'dvp'
----------

#include <sys/types.h>
#include <unistd.h>
#include <sys/devpoll.h>

int main() {
    int  n, dp; struct dvpoll  dvp;
                  dp = 0;
                  dvp.dp_fds = NULL;
                  dvp.dp_nfds = 0;
                  dvp.dp_timeout = 0;
                  n = ioctl(dp, DP_POLL, &dvp);
    return 0;
}

----------
gcc -O2 -g -pipe -Wall -Wp,-D_FORTIFY_SOURCE=2 -fexceptions -fstack-protector --param=ssp-buffer-size=4 -m64 -mtune=generic -D_GNU_SOURCE -D_FILE_OFFSET_BITS=64 -o objs/autotest objs/autotest.c
----------

----------------------------------------
checking for kqueue

objs/autotest.c:4:23: error: sys/event.h: No such file or directory
objs/autotest.c: In function 'main':
objs/autotest.c:7: warning: implicit declaration of function 'kqueue'
----------

#include <sys/types.h>
#include <unistd.h>
#include <sys/event.h>

int main() {
    int kq; kq = kqueue();
    return 0;
}

----------
gcc -O2 -g -pipe -Wall -Wp,-D_FORTIFY_SOURCE=2 -fexceptions -fstack-protector --param=ssp-buffer-size=4 -m64 -mtune=generic -D_GNU_SOURCE -D_FILE_OFFSET_BITS=64 -o objs/autotest objs/autotest.c
----------

----------------------------------------
checking for crypt()

/tmp/ccv434tn.o: In function `main':
/home/mockbuild/rpmbuild/BUILD/nginx-1.0.1/objs/autotest.c:7: undefined reference to `crypt'
collect2: ld returned 1 exit status
----------

#include <sys/types.h>
#include <unistd.h>


int main() {
    crypt("test", "salt");;
    return 0;
}

----------
gcc -O2 -g -pipe -Wall -Wp,-D_FORTIFY_SOURCE=2 -fexceptions -fstack-protector --param=ssp-buffer-size=4 -m64 -mtune=generic -D_GNU_SOURCE -D_FILE_OFFSET_BITS=64 -o objs/autotest objs/autotest.c
----------

----------------------------------------
checking for crypt() in libcrypt


----------------------------------------
checking for F_READAHEAD

objs/autotest.c: In function 'main':
objs/autotest.c:7: error: 'F_READAHEAD' undeclared (first use in this function)
objs/autotest.c:7: error: (Each undeclared identifier is reported only once
objs/autotest.c:7: error: for each function it appears in.)
----------

#include <sys/types.h>
#include <unistd.h>
#include <fcntl.h>

int main() {
    fcntl(0, F_READAHEAD, 1);;
    return 0;
}

----------
gcc -O2 -g -pipe -Wall -Wp,-D_FORTIFY_SOURCE=2 -fexceptions -fstack-protector --param=ssp-buffer-size=4 -m64 -mtune=generic -D_GNU_SOURCE -D_FILE_OFFSET_BITS=64 -o objs/autotest objs/autotest.c
----------

----------------------------------------
checking for posix_fadvise()


----------------------------------------
checking for O_DIRECT


----------------------------------------
checking for F_NOCACHE

objs/autotest.c: In function 'main':
objs/autotest.c:7: error: 'F_NOCACHE' undeclared (first use in this function)
objs/autotest.c:7: error: (Each undeclared identifier is reported only once
objs/autotest.c:7: error: for each function it appears in.)
----------

#include <sys/types.h>
#include <unistd.h>
#include <fcntl.h>

int main() {
    fcntl(0, F_NOCACHE, 1);;
    return 0;
}

----------
gcc -O2 -g -pipe -Wall -Wp,-D_FORTIFY_SOURCE=2 -fexceptions -fstack-protector --param=ssp-buffer-size=4 -m64 -mtune=generic -D_GNU_SOURCE -D_FILE_OFFSET_BITS=64 -o objs/autotest objs/autotest.c
----------

----------------------------------------
checking for directio()

objs/autotest.c: In function 'main':
objs/autotest.c:8: warning: implicit declaration of function 'directio'
objs/autotest.c:8: error: 'DIRECTIO_ON' undeclared (first use in this function)
objs/autotest.c:8: error: (Each undeclared identifier is reported only once
objs/autotest.c:8: error: for each function it appears in.)
----------

#include <sys/types.h>
#include <unistd.h>
#include <sys/types.h>
                  #include <sys/fcntl.h>

int main() {
    directio(0, DIRECTIO_ON);;
    return 0;
}

----------
gcc -O2 -g -pipe -Wall -Wp,-D_FORTIFY_SOURCE=2 -fexceptions -fstack-protector --param=ssp-buffer-size=4 -m64 -mtune=generic -D_GNU_SOURCE -D_FILE_OFFSET_BITS=64 -o objs/autotest objs/autotest.c
----------

----------------------------------------
checking for statfs()

objs/autotest.c: In function 'main':
objs/autotest.c:10: warning: null argument where non-null required (argument 1)

----------------------------------------
checking for statvfs()

objs/autotest.c: In function 'main':
objs/autotest.c:9: warning: null argument where non-null required (argument 1)

----------------------------------------
checking for dlopen()

/tmp/ccx9F545.o: In function `main':
/home/mockbuild/rpmbuild/BUILD/nginx-1.0.1/objs/autotest.c:7: undefined reference to `dlopen'
collect2: ld returned 1 exit status
----------

#include <sys/types.h>
#include <unistd.h>
#include <dlfcn.h>

int main() {
    dlopen(NULL, 0);
    return 0;
}

----------
gcc -O2 -g -pipe -Wall -Wp,-D_FORTIFY_SOURCE=2 -fexceptions -fstack-protector --param=ssp-buffer-size=4 -m64 -mtune=generic -D_GNU_SOURCE -D_FILE_OFFSET_BITS=64 -o objs/autotest objs/autotest.c
----------

----------------------------------------
checking for dlopen() in libdl


----------------------------------------
checking for sched_yield()


----------------------------------------
checking for SO_SETFIB

objs/autotest.c: In function 'main':
objs/autotest.c:7: error: 'SO_SETFIB' undeclared (first use in this function)
objs/autotest.c:7: error: (Each undeclared identifier is reported only once
objs/autotest.c:7: error: for each function it appears in.)
----------

#include <sys/types.h>
#include <unistd.h>
#include <sys/socket.h>

int main() {
    setsockopt(0, SOL_SOCKET, SO_SETFIB, NULL, 4);
    return 0;
}

----------
gcc -O2 -g -pipe -Wall -Wp,-D_FORTIFY_SOURCE=2 -fexceptions -fstack-protector --param=ssp-buffer-size=4 -m64 -mtune=generic -D_GNU_SOURCE -D_FILE_OFFSET_BITS=64 -o objs/autotest objs/autotest.c
----------

----------------------------------------
checking for accept4()

objs/autotest.c: In function 'main':
objs/autotest.c:7: warning: implicit declaration of function 'accept4'
objs/autotest.c:7: error: 'SOCK_NONBLOCK' undeclared (first use in this function)
objs/autotest.c:7: error: (Each undeclared identifier is reported only once
objs/autotest.c:7: error: for each function it appears in.)
----------

#include <sys/types.h>
#include <unistd.h>
#include <sys/socket.h>

int main() {
    accept4(0, NULL, NULL, SOCK_NONBLOCK);
    return 0;
}

----------
gcc -O2 -g -pipe -Wall -Wp,-D_FORTIFY_SOURCE=2 -fexceptions -fstack-protector --param=ssp-buffer-size=4 -m64 -mtune=generic -D_GNU_SOURCE -D_FILE_OFFSET_BITS=64 -o objs/autotest objs/autotest.c
----------

----------------------------------------
checking for kqueue AIO support

objs/autotest.c: In function 'main':
objs/autotest.c:8: error: 'SIGEV_KEVENT' undeclared (first use in this function)
objs/autotest.c:8: error: (Each undeclared identifier is reported only once
objs/autotest.c:8: error: for each function it appears in.)
----------

#include <sys/types.h>
#include <unistd.h>
#include <aio.h>

int main() {
    int  n; struct aiocb  iocb;
                      iocb.aio_sigevent.sigev_notify = SIGEV_KEVENT;
                      n = aio_read(&iocb);
    return 0;
}

----------
gcc -O2 -g -pipe -Wall -Wp,-D_FORTIFY_SOURCE=2 -fexceptions -fstack-protector --param=ssp-buffer-size=4 -m64 -mtune=generic -D_GNU_SOURCE -D_FILE_OFFSET_BITS=64 -o objs/autotest objs/autotest.c
----------

----------------------------------------
checking for Linux AIO support

objs/autotest.c: In function 'main':
objs/autotest.c:8: warning: unused variable 'n'

----------------------------------------
checking for PCRE library


----------------------------------------
checking for OpenSSL library


----------------------------------------
checking for zlib library


----------------------------------------
checking for libxslt

objs/autotest.c: In function 'main':
objs/autotest.c:15: warning: assignment makes pointer from integer without a cast

----------------------------------------
checking for libexslt


----------------------------------------
checking for GD library

objs/autotest.c: In function 'main':
objs/autotest.c:7: warning: unused variable 'img'

----------------------------------------
checking for GeoIP library

objs/autotest.c: In function 'main':
objs/autotest.c:7: warning: implicit declaration of function 'GeoIP_open'

----------------------------------------
checking for int size

objs/autotest.c: In function 'main':
objs/autotest.c:11: warning: implicit declaration of function 'printf'
objs/autotest.c:11: warning: incompatible implicit declaration of built-in function 'printf'
objs/autotest.c:11: warning: format '%d' expects type 'int', but argument 2 has type 'long unsigned int'

----------------------------------------
checking for long size

objs/autotest.c: In function 'main':
objs/autotest.c:11: warning: implicit declaration of function 'printf'
objs/autotest.c:11: warning: incompatible implicit declaration of built-in function 'printf'
objs/autotest.c:11: warning: format '%d' expects type 'int', but argument 2 has type 'long unsigned int'

----------------------------------------
checking for long long size

objs/autotest.c: In function 'main':
objs/autotest.c:11: warning: implicit declaration of function 'printf'
objs/autotest.c:11: warning: incompatible implicit declaration of built-in function 'printf'
objs/autotest.c:11: warning: format '%d' expects type 'int', but argument 2 has type 'long unsigned int'

----------------------------------------
checking for void * size

objs/autotest.c: In function 'main':
objs/autotest.c:11: warning: implicit declaration of function 'printf'
objs/autotest.c:11: warning: incompatible implicit declaration of built-in function 'printf'
objs/autotest.c:11: warning: format '%d' expects type 'int', but argument 2 has type 'long unsigned int'

----------------------------------------
checking for uint64_t

objs/autotest.c: In function 'main':
objs/autotest.c:11: warning: unused variable 'i'

----------------------------------------
checking for sig_atomic_t

objs/autotest.c: In function 'main':
objs/autotest.c:11: warning: unused variable 'i'

----------------------------------------
checking for sig_atomic_t size

objs/autotest.c: In function 'main':
objs/autotest.c:11: warning: implicit declaration of function 'printf'
objs/autotest.c:11: warning: incompatible implicit declaration of built-in function 'printf'
objs/autotest.c:11: warning: format '%d' expects type 'int', but argument 2 has type 'long unsigned int'

----------------------------------------
checking for socklen_t

objs/autotest.c: In function 'main':
objs/autotest.c:11: warning: unused variable 'i'

----------------------------------------
checking for in_addr_t

objs/autotest.c: In function 'main':
objs/autotest.c:11: warning: unused variable 'i'

----------------------------------------
checking for in_port_t

objs/autotest.c: In function 'main':
objs/autotest.c:11: warning: unused variable 'i'

----------------------------------------
checking for rlim_t

objs/autotest.c: In function 'main':
objs/autotest.c:11: warning: unused variable 'i'

checking for uintptr_t

checking for system endianess

----------------------------------------
checking for size_t size

objs/autotest.c: In function 'main':
objs/autotest.c:11: warning: implicit declaration of function 'printf'
objs/autotest.c:11: warning: incompatible implicit declaration of built-in function 'printf'
objs/autotest.c:11: warning: format '%d' expects type 'int', but argument 2 has type 'long unsigned int'

----------------------------------------
checking for off_t size

objs/autotest.c: In function 'main':
objs/autotest.c:11: warning: implicit declaration of function 'printf'
objs/autotest.c:11: warning: incompatible implicit declaration of built-in function 'printf'
objs/autotest.c:11: warning: format '%d' expects type 'int', but argument 2 has type 'long unsigned int'

----------------------------------------
checking for time_t size

objs/autotest.c: In function 'main':
objs/autotest.c:11: warning: implicit declaration of function 'printf'
objs/autotest.c:11: warning: incompatible implicit declaration of built-in function 'printf'
objs/autotest.c:11: warning: format '%d' expects type 'int', but argument 2 has type 'long unsigned int'

----------------------------------------
checking for AF_INET6


----------------------------------------
checking for setproctitle()

objs/autotest.c: In function 'main':
objs/autotest.c:7: warning: implicit declaration of function 'setproctitle'
/tmp/ccCYli3q.o: In function `main':
/home/mockbuild/rpmbuild/BUILD/nginx-1.0.1/objs/autotest.c:7: undefined reference to `setproctitle'
collect2: ld returned 1 exit status
----------

#include <sys/types.h>
#include <unistd.h>


int main() {
    setproctitle("test");;
    return 0;
}

----------
gcc -O2 -g -pipe -Wall -Wp,-D_FORTIFY_SOURCE=2 -fexceptions -fstack-protector --param=ssp-buffer-size=4 -m64 -mtune=generic -D_GNU_SOURCE -D_FILE_OFFSET_BITS=64 -o objs/autotest objs/autotest.c
----------

----------------------------------------
checking for pread()


----------------------------------------
checking for pwrite()


----------------------------------------
checking for sys_nerr

/tmp/cci2x16G.o: In function `main':
/home/mockbuild/rpmbuild/BUILD/nginx-1.0.1/objs/autotest.c:7: warning: `sys_nerr' is deprecated; use `strerror' or `strerror_r' instead

----------------------------------------
checking for localtime_r()


----------------------------------------
checking for posix_memalign()


----------------------------------------
checking for memalign()

objs/autotest.c: In function 'main':
objs/autotest.c:7: warning: implicit declaration of function 'memalign'
objs/autotest.c:7: warning: assignment makes pointer from integer without a cast

----------------------------------------
checking for mmap(MAP_ANON|MAP_SHARED)


----------------------------------------
checking for mmap("/dev/zero", MAP_SHARED)


----------------------------------------
checking for System V shared memory


----------------------------------------
checking for struct msghdr.msg_control


----------------------------------------
checking for ioctl(FIONBIO)


----------------------------------------
checking for struct tm.tm_gmtoff


----------------------------------------
checking for struct dirent.d_namlen

objs/autotest.c: In function 'main':
objs/autotest.c:7: error: 'struct dirent' has no member named 'd_namlen'
----------

#include <sys/types.h>
#include <unistd.h>
#include <dirent.h>

int main() {
    struct dirent  dir; dir.d_namlen = 0;
    return 0;
}

----------
gcc -O2 -g -pipe -Wall -Wp,-D_FORTIFY_SOURCE=2 -fexceptions -fstack-protector --param=ssp-buffer-size=4 -m64 -mtune=generic -D_GNU_SOURCE -D_FILE_OFFSET_BITS=64 -o objs/autotest objs/autotest.c
----------

----------------------------------------
checking for struct dirent.d_type

